2024-06-05 23:02:33,319 INFO: Conexión a la base de datos exitosa.
2024-06-05 23:02:33,418 INFO: Modelo de lenguaje creado.
2024-06-05 23:02:33,444 INFO: Cadena de lenguaje creada.
2024-06-05 23:02:33,447 WARNING:  * Debugger is active!
2024-06-05 23:02:33,447 INFO:  * Debugger PIN: 700-703-635
2024-06-05 23:02:43,180 INFO:  * Detected change in '/home/gonzalo/Desktop/Aplicacion/usuarios.py', reloading
2024-06-05 23:02:44,658 INFO: Conexión a la base de datos exitosa.
2024-06-05 23:02:44,759 INFO: Modelo de lenguaje creado.
2024-06-05 23:02:44,784 INFO: Cadena de lenguaje creada.
2024-06-05 23:02:44,788 WARNING:  * Debugger is active!
2024-06-05 23:02:44,788 INFO:  * Debugger PIN: 700-703-635
2024-06-06 21:44:17,706 INFO: Conexión a la base de datos exitosa.
2024-06-06 21:44:18,706 INFO: Modelo de lenguaje creado.
2024-06-06 21:44:18,982 INFO: Cadena de lenguaje creada.
2024-06-06 21:44:19,040 INFO: [31m[1mWARNING: This is a development server. Do not use it in a production deployment. Use a production WSGI server instead.[0m
 * Running on http://192.168.57.129:5002
2024-06-06 21:44:19,041 INFO: [33mPress CTRL+C to quit[0m
2024-06-06 21:44:19,042 INFO:  * Restarting with stat
2024-06-06 21:44:26,730 INFO: Conexión a la base de datos exitosa.
2024-06-06 21:44:27,333 INFO: Modelo de lenguaje creado.
2024-06-06 21:44:27,438 INFO: Cadena de lenguaje creada.
2024-06-06 21:44:27,442 WARNING:  * Debugger is active!
2024-06-06 21:44:27,451 INFO:  * Debugger PIN: 983-291-029
